app/build/intermediates/manifest_merge_blame_file/debug/manifest-merger-blame-debug-report.txt
1<?xml version="1.0" encoding="utf-8"?>
2<manifest xmlns:android="http://schemas.android.com/apk/res/android"
3    package="com.shabaj.covid_19"
4    android:versionCode="1"
5    android:versionName="1.1" >
6
7    <uses-sdk
8        android:minSdkVersion="22"
8-->src\main\AndroidManifest.xml
9        android:targetSdkVersion="30" />
9-->src\main\AndroidManifest.xml
10
11    <uses-permission android:name="android.permission.INTERNET" />
11-->src\main\AndroidManifest.xml:6:5-67
11-->src\main\AndroidManifest.xml:6:22-64
12
13    <application
13-->src\main\AndroidManifest.xml:8:5-45:19
14        android:allowBackup="true"
14-->src\main\AndroidManifest.xml:9:9-35
15        android:appComponentFactory="androidx.core.app.CoreComponentFactory"
15-->[androidx.core:core:1.5.0] AndroidManifest.xml:24:18-86
16        android:debuggable="true"
17        android:icon="@mipmap/ic_launcher"
17-->src\main\AndroidManifest.xml:10:9-43
18        android:label="@string/app_name"
18-->src\main\AndroidManifest.xml:11:9-41
19        android:roundIcon="@mipmap/ic_launcher_round"
19-->src\main\AndroidManifest.xml:12:9-54
20        android:supportsRtl="true"
20-->src\main\AndroidManifest.xml:13:9-35
21        android:testOnly="true"
22        android:theme="@style/AppTheme" >
22-->src\main\AndroidManifest.xml:14:9-40
23        <activity
23-->src\main\AndroidManifest.xml:16:9-18:40
24            android:name="com.shabaj.covid_19.AboutActivity"
24-->src\main\AndroidManifest.xml:17:13-42
25            android:exported="false" />
25-->src\main\AndroidManifest.xml:18:13-37
26        <activity
26-->src\main\AndroidManifest.xml:19:9-21:52
27            android:name="com.shabaj.covid_19.newsScreen.NewsActivity"
27-->src\main\AndroidManifest.xml:20:13-52
28            android:screenOrientation="portrait" />
28-->src\main\AndroidManifest.xml:21:13-49
29        <activity
29-->src\main\AndroidManifest.xml:22:9-24:52
30            android:name="com.shabaj.covid_19.preventionScreen.PreventionActivity"
30-->src\main\AndroidManifest.xml:23:13-64
31            android:screenOrientation="portrait" />
31-->src\main\AndroidManifest.xml:24:13-49
32        <activity
32-->src\main\AndroidManifest.xml:25:9-27:52
33            android:name="com.shabaj.covid_19.symptomsScreen.SymptomsActivity"
33-->src\main\AndroidManifest.xml:26:13-60
34            android:screenOrientation="portrait" />
34-->src\main\AndroidManifest.xml:27:13-49
35        <activity
35-->src\main\AndroidManifest.xml:28:9-30:52
36            android:name="com.shabaj.covid_19.reportScreen.ReportActivity"
36-->src\main\AndroidManifest.xml:29:13-56
37            android:screenOrientation="portrait" />
37-->src\main\AndroidManifest.xml:30:13-49
38        <activity
38-->src\main\AndroidManifest.xml:31:9-40:20
39            android:name="com.shabaj.covid_19.homeScreen.HomeScreenActivity"
39-->src\main\AndroidManifest.xml:32:13-58
40            android:screenOrientation="portrait"
40-->src\main\AndroidManifest.xml:33:13-49
41            android:theme="@style/SplashTheme" >
41-->src\main\AndroidManifest.xml:34:13-47
42            <intent-filter>
42-->src\main\AndroidManifest.xml:35:13-39:29
43                <action android:name="android.intent.action.MAIN" />
43-->src\main\AndroidManifest.xml:36:17-69
43-->src\main\AndroidManifest.xml:36:25-66
44
45                <category android:name="android.intent.category.LAUNCHER" />
45-->src\main\AndroidManifest.xml:38:17-77
45-->src\main\AndroidManifest.xml:38:27-74
46            </intent-filter>
47        </activity>
48        <activity
48-->src\main\AndroidManifest.xml:41:9-44:68
49            android:name="com.shabaj.covid_19.countryList.CountryListActivity"
49-->src\main\AndroidManifest.xml:42:13-60
50            android:screenOrientation="portrait"
50-->src\main\AndroidManifest.xml:43:13-49
51            android:windowSoftInputMode="adjustNothing" />
51-->src\main\AndroidManifest.xml:44:13-56
52
53        <provider
53-->[androidx.lifecycle:lifecycle-process:2.2.0] AndroidManifest.xml:25:9-29:43
54            android:name="androidx.lifecycle.ProcessLifecycleOwnerInitializer"
54-->[androidx.lifecycle:lifecycle-process:2.2.0] AndroidManifest.xml:26:13-79
55            android:authorities="com.shabaj.covid_19.lifecycle-process"
55-->[androidx.lifecycle:lifecycle-process:2.2.0] AndroidManifest.xml:27:13-69
56            android:exported="false"
56-->[androidx.lifecycle:lifecycle-process:2.2.0] AndroidManifest.xml:28:13-37
57            android:multiprocess="true" />
57-->[androidx.lifecycle:lifecycle-process:2.2.0] AndroidManifest.xml:29:13-40
58    </application>
59
60</manifest>